on of in at 
of 
of 
in of on 
of in for on 
at in 
on 
of in in of of 
on of in 
in 
in 
of in of in 
of 
in for 
of on 
in of 
in of 
in of 
at in of 
of at in on in 
in in of 
in of of in 
on for of 
in in for of for 
at in of 
in 
at 
in in in of 
in in on 
of 
on on in 
in of 
on in 
in on 
in of 
of of 
in of 
in 
in in 
in of in of 
on of on 
of on 
in of in of 
in in in 
in 
in of in of 
on in in of 
on 
of 
of of 
in of 
in 
of in for in in 
in of on of on 
in on 
in in 
in 
at in 
on of in of 
on of on 
in on 
in in of 
of in in 
of on in 
of in in 
in on of on 
in 
on 
in 
of 
on 
on on 
of 
in of on in 
in for in for 
on for on on 
in in 
on in 
of 
in for in on in 
on of in on in on of in 
in for in for 
on of 
on of in 
of of in 
on in in on 
on of in 
of in 
of of 
of at of in 
in for 
of of in 
of 
in in 
in on 
on in of 
in 
in 
in in in 
in at 
of 
in of in 
for 
in on in for of of 
on of on 
on in of 
in in 
of in 
on for 
of in on of in 
in of in of for 
in 
in 
of of in of on 
in 
of in at 
in in 
of of 
at 
on of 
of of 
of 
on 
of of of in 
on 
for 
of in 
in 
in in 
of in of on 
of 
in for of in of of 
in in in of of 
of 
in 
in 
at 
on of in 
on 
for of on of in 
on 
of on 
for 
on of in in 
of on 
of on 
on 
at 
of on 
on 
in 
in of 
on in of for 
of 
for in 
on at 
in in on of 
on in for in 
of at of in 
in in on in in 
for of 
on in 
on in of 
on in of 
on in of 
in of of in of 
on in 
in in 
on on 
of for in in of 
on 
on 
on in of 
in in of 
in 
in in of on 
in 
in on of on on 
on for 
of in of of of 
in for on 
of on 
for in 
in 
of 
on 
in 
of in of 
of 
in in 
on for of 
of 
on 
on of in 
of of 
for on in in of 
in in 
of for 
in in 
of in in for in 
of of for 
in in for 
in of on of 
in 
for in on 
on for of in of 
on in in 
in 
of of 
of in on 
of in 
in on in of 
in in of 
at in in of of 
in in for 
for of on 
of on on 
of 
on of in at 
on 
in of in of 
in 
for in of of in 
in on 
in for in for of 
of in 
on of 
on of 
in of in of 
in for 
in on of 
of in in 
in of on 
in of of 
of in in 
of on in in of of 
on in 
on in in of on 
of in in 
in 
of of in of 
for 
in 
of 
in in 
of in in 
in in of in of 
on 
on 
in on 
on of in 
on in for for 
in in 
at of in 
on 
in 
in 
in in on 
on on in 
of for 
of 
for on 
in in in 
in in on in of 
in in 
at of 
of in 
of in of 
on 
in at 
of 
of 
on in of of 
in in 
of in 
in 
on on 
in in 
of in in on 
in of of in of of 
at 
in 
of in of 
of of in 
in in 
in 
in for 
in in 
in on 
at in of 
of 
on in in for 
in 
in in of 
of in for 
of 
in 
in 
of 
in of in in of 
in on on of 
on in 
in in in 
in of 
of for 
on in in in 
of in on 
on on on 
in 
in of on 
in in 
of in in in 
at in of 
in 
in on on for 
in of 
in 
in in 
of 
in in on in 
in in on 
in of in 
in in 
of in 
on 
in on in 
in for on 
for in 
on in 
on 
in of 
in of of in in 
in in 
for 
in of of 
in of in for 
of for of 
of in 
of of for 
of 
of in in 
in on on on in of of 
of in 
for of of on 
in of 
on in 
on 
in for in for in of 
on 
for in in in in 
on in 
on of on at 
in 
in in 
in 
in at 
on in 
in 
of in 
of in of 
in in 
in 
in in of 
in 
in in in in for 
of in 
in on 
in on at 
in 
in 
in on at 
of in 
of of of 
in in 
in 
of of in 
on 
in 
in on of 
of for 
on of in 
in on on 
in on of for 
in 
in of in 
in on on 
of 
in in of 
in 
in 
in 
of on in 
of on 
of in of 
of in in 
of in of 
of in of for 
on of on 
on of of in of 
on in on on 
of in of for 
of in in 
of in of in in in on 
in on of 
of in in of of 
in 
of in on 
in in 
on of on 
on on 
in in of of 
in in 
in 
of in of 
in of 
of of in 
of in of in of 
in of 
in in of 
in in 
of on 
in in 
on in in in of 
in of 
in of of 
in 
on in 
in in of 
of in on 
on of 
of 
in for of 
in 
of 
in of 
of 
on of 
of 
in 
for in on 
of of for 
of on in of 
in on on 
of of of of 
in in 
on in 
in 
of in of 
in on of of 
of on of of 
for 
in 
on on 
in on on 
for in in on of of 
for 
on of in 
in in on of 
of of 
in of for 
on in of 
of for on in 
for in on 
for in in on of of 
on of on 
in in on 
in for on 
of of of 
in of in of 
in of in 
at in of 
in of of 
in on in on 
for of on 
of in 
of on on 
of in in 
in of in in in on 
on for of 
in on on 
on of 
in in 
of for in 
of of in 
in 
of in in in 
for in of for of 
in in in 
of at of for 
in 
in in in 
on of in in of of 
of in of for 
of in of 
of in 
of in in 
on on of 
on 
of in in 
for in 
of on 
of 
in 
of in 
in in in 
of in 
in 
on of in 
in of 
for of 
of in in for 
for of in on 
in in 
in in of on 
of of of 
of on 
of on 
of for of 
in 
for in on 
in 
in in 
of in of 
in of 
in 
for 
of at for in 
in in of of 
on in 
of in of on 
for in 
in in 
in 
in in 
of in of 
for of of 
for for 
in on for of 
on 
in in 
of in of in of 
of of in 
of 
on of in 
of in on in in 
of on in in of 
for 
on of on on 
in in in of on 
in of 
of in on in in 
in in 
in of 
for 
for on of 
in in of 
in in 
for for 
in in in in at in 
in in 
of on 
in in in 
of in in 
of 
in of of 
on in 
for 
in in 
in 
in of 
in 
of in in in 
on 
in of of in 
in in 
in on of 
on for in 
in of 
on in on of 
of 
on of 
in 
in for in 
of for 
of 
of 
on in 
in 
on 
in of of of 
in in in in 
in in of in 
of on in 
in of in in 
for on 
in of 
in 
of in 
in for in 
on on 
of 
on of 
in for in 
on of 
in of 
of in 
of in 
of in in 
in 
on in 
in of of 
on in for in 
in for 
of 
of 
of on in in 
in 
in of in of in 
of for 
for in 
in of of for 
of 
for in 
of in 
in of 
of 
in 
of on for 
on in of 
in on 
in 
in of of 
in 
of in in in 
in on 
on of on in on 
in 
in in in of 
of for 
on of 
in in 
in 
of of 
in 
in 
of 
in of in on in 
on at of 
in for on 
in of of on 
on for 
on 
of 
in 
on in 
in of in of 
in 
in 
on at of 
of 
on 
of in 
of in 
on for 
on in of at on 
in for on in 
of 
in of 
in on 
on on of 
of of 
on in 
in of on 
on 
in of on in 
on 
for 
in in 
in of 
in of 
of in on 
on 
of in in 
in in 
in of of 
of on 
on 
of of of at in 
of of 
on of 
on of on 
of of of of 
on for 
on on 
in in 
of 
in 
in 
on 
of in in 
in 
of 
in of 
on 
of 
on for of for in 
in 
in in on of in 
for of of in 
in on for 
of on 
of in 
on in in in 
in 
in in 
in in of on 
on in in 
in for in 
of on 
in 
in at 
of in on 
in 
of 
in 
in on 
in of of 
of of in on 
in 
on of on in of in on 
of on 
of of 
in of of in in of 
of 
in of 
on in in 
in 
in 
on 
in 
in 
of on of 
for in of 
in in 
of in for 
in of on of 
in 
on of 
in 
of for in of on 
in in 
at of 
of in on of in 
in in 
of in for 
in of in 
for in 
of 
in 
in in for for 
on in for of of 
of 
for in 
of in 
in of 
of of 
in in on in 
of of in at in 
on 
on of in 
of 
for of 
of on of in in 
for on of 
of in of 
in 
for for in 
of in of on 
of of in 
on for in 
on of 
for in 
of 
in in 
of in 
for in of 
in at 
at for 
on of of in on 
on in of 
in in for 
of in in 
of 
for in on of in 
in 
of on 
on of for of 
on of in 
in in 
of in 
of on of 
in of in 
on 
in of of on 
in of in of 
in in in 
for on on on of 
of 
in on 
in 
on of in 
of 
of of on 
of on 
in in 
in of 
of in in 
of 
in in 
for of on 
in in on 
in in on 
of of in of 
on in 
in 
in 
in 
in of 
in in 
of in of 
in in of for in 
in in 
for of 
on of 
of 
in 
for on 
at 
on 
in in 
of in in 
of of of 
in 
in of 
of 
in 
for 
on on for 
in 
in in on of for 
on for 
in of in of 
on 
on in of 
in in in 
of on 
of in 
of of in in on 
in in 
on of 
in of 
on in of 
in on in of in on 
in 
on on of 
of in on of 
for in of 
in of 
in 
in in 
in in on of 
on 
in of on 
in on on 
of in 
in 
in on 
in of in 
for 
of 
in in 
on 
of 
at on 
for 
of in on on 
in of 
in of in 
on of in in in 
for 
in in of 
of in 
on for 
for in at 
in 
in of 
on of in of of 
in at 
at 
in of in 
on of 
in for 
on 
of of in on 
in in 
on of 
at in in 
of in in of 
in on in of in on 
in in on 
on on 
in of 
for 
on for 
for of in in on 
in in in 
in of of of 
in in 
in for 
for of of in in 
on 
of in 
in in 
of in for 
in 
for for 
of of in 
of on 
in in of on 
in at on 
in at on 
in on on on 
in in of on 
of on in 
in 
at 
of on on on in 
of in on 
of for in 
in 
in at on 
in for on 
in on in 
in of on 
of of 
in of 
in in of 
of in 
in of 
on on 
for of in 
in on of of of in 
for 
for of in 
at of 
in in in in 
of for 
in in 
in at in 
on in in in 
in in of of of in 
of 
of in in 
for on of 
in in on 
in on in in on in 
on of on 
on 
of of in 
at in for 
of of of on 
for on in on 
in on on 
in in 
in 
in of 
in on for 
of of in of 
in in of 
of of of on 
in 
in of 
of on 
of in 
in for in in 
of of in in in 
for on in of 
in 
in on of in on 
in in 
in on of 
on 
for on in 
in 
of 
of in 
for on of in 
at of of in on at 
for for in in 
in in in of 
on 
on in on 
on on 
of on 
on 
for 
on in of 
in 
in of 
on of in in 
on 
of on 
on 
in 
in 
on for 
on in 
in 
of in 
of on in in for 
on on for for 
in in 
in of of 
in of 
on in in 
at at 
in on in 
on in 
on of in 
at for for of 
on in in of 
at of in for 
in of 
for 
on 
of 
in 
in in 
on of in on 
for 
of 
on 
on in in of 
on in 
of 
in for 
on of in in 
in of on 
for in on 
in 
in in 
for in in 
in for on 
in in 
of for in 
in of 
on in on 
on in 
on of in 
on in on in 
of of 
of for on 
in in 
in of in 
for on 
in of 
of 
of of 
in of on 
on of on of in 
in 
for of in 
in on on 
in 
on 
of 
of in 
on 
in 
on of 
in in of 
for 
in of 
on 
on in 
in 
in on in 
in of 
in for 
of 
in of of of 
in in in in of 
at on 
on of 
on for 
on of of for on 
for in 
on 
in 
of 
in of 
in in 
for 
on in on at 
in of 
of on in 
of 
on for 
in for 
of in for of in 
in 
in in in 
in for of 
in of in on 
for 
in of for 
in of 
of in 
in 
in in 
for on of in 
in in of in 
on on 
on 
in on for of 
on for 
of of 
in of in 
of in 
in 
on in in in 
on 
of of of 
on of of of 
in in 
of of 
in in of on 
of of on of 
of of 
in 
on 
on on on 
in of in 
on of of 
in at 
of of of 
of of 
in for of 
of in on of of 
in in of in 
of of 
for of in 
